2014-12-23 21:01:37,264 main INFO  phonescanner.PhoneScannerRunner - BT scan intervall: 1s
2014-12-23 21:01:37,264 main INFO  phonescanner.PhoneScannerRunner - Added Mark's phone mac address: 50:55:27:08:0C:C1
2014-12-23 21:01:37,264 Thread-2 DEBUG phonescanner.PhoneScannerRunner - Pinging devices...
2014-12-23 21:01:37,279 Thread-2 DEBUG phonescanner.PhoneIsAvailableState - 2014-12-23 21:01:37: Elvis has left the building.
2014-12-23 21:01:37,279 Thread-2 DEBUG phonescanner.PhoneIsAvailableState - 2014-12-23 21:01:37: Kahlan has left the building.
2014-12-23 21:01:38,279 Thread-2 DEBUG phonescanner.PhoneScannerRunner - Pinging devices...
2014-12-23 21:01:39,286 Thread-2 DEBUG phonescanner.PhoneScannerRunner - Pinging devices...
2014-12-23 21:01:40,293 Thread-2 DEBUG phonescanner.PhoneScannerRunner - Pinging devices...
2014-12-23 21:01:41,303 Thread-2 DEBUG phonescanner.PhoneScannerRunner - Pinging devices...
2014-12-23 21:01:42,304 Thread-2 DEBUG phonescanner.PhoneScannerRunner - Pinging devices...
2014-12-23 21:01:43,311 Thread-2 DEBUG phonescanner.PhoneScannerRunner - Pinging devices...
2014-12-23 21:01:44,318 Thread-2 DEBUG phonescanner.PhoneScannerRunner - Pinging devices...
2014-12-23 21:01:45,320 Thread-2 DEBUG phonescanner.PhoneScannerRunner - Pinging devices...
2014-12-23 21:01:46,322 Thread-2 DEBUG phonescanner.PhoneScannerRunner - Pinging devices...
2014-12-23 21:01:47,324 Thread-2 DEBUG phonescanner.PhoneScannerRunner - Pinging devices...
2014-12-23 21:01:48,326 Thread-2 DEBUG phonescanner.PhoneScannerRunner - Pinging devices...
2014-12-23 21:01:49,335 Thread-2 DEBUG phonescanner.PhoneScannerRunner - Pinging devices...
2014-12-23 21:01:50,337 Thread-2 DEBUG phonescanner.PhoneScannerRunner - Pinging devices...
2014-12-23 21:01:51,339 Thread-2 DEBUG phonescanner.PhoneScannerRunner - Pinging devices...
2014-12-23 21:01:52,341 Thread-2 DEBUG phonescanner.PhoneScannerRunner - Pinging devices...
2014-12-23 21:01:53,343 Thread-2 DEBUG phonescanner.PhoneScannerRunner - Pinging devices...
2014-12-23 21:01:54,347 Thread-2 DEBUG phonescanner.PhoneScannerRunner - Pinging devices...
2014-12-23 21:01:55,354 Thread-2 DEBUG phonescanner.PhoneScannerRunner - Pinging devices...
2014-12-23 21:01:56,361 Thread-2 DEBUG phonescanner.PhoneScannerRunner - Pinging devices...
2014-12-23 21:01:57,363 Thread-2 DEBUG phonescanner.PhoneScannerRunner - Pinging devices...
2014-12-23 21:01:58,365 Thread-2 DEBUG phonescanner.PhoneScannerRunner - Pinging devices...
2014-12-23 21:01:59,370 Thread-2 DEBUG phonescanner.PhoneScannerRunner - Pinging devices...
2014-12-23 21:02:00,372 Thread-2 DEBUG phonescanner.PhoneScannerRunner - Pinging devices...
2014-12-23 21:02:01,374 Thread-2 DEBUG phonescanner.PhoneScannerRunner - Pinging devices...
2014-12-23 21:02:02,376 Thread-2 DEBUG phonescanner.PhoneScannerRunner - Pinging devices...
2014-12-23 21:02:03,378 Thread-2 DEBUG phonescanner.PhoneScannerRunner - Pinging devices...
2014-12-23 21:02:04,380 Thread-2 DEBUG phonescanner.PhoneScannerRunner - Pinging devices...
2014-12-23 21:03:19,342 main INFO  phonescanner.PhoneScannerRunner - BT scan intervall: 1s
2014-12-23 21:03:19,342 main INFO  phonescanner.PhoneScannerRunner - Added Mark's phone mac address: 50:55:27:08:0C:C1
2014-12-23 21:03:19,342 Thread-2 DEBUG phonescanner.PhoneScannerRunner - Pinging devices...
2014-12-23 21:03:19,358 Thread-2 DEBUG phonescanner.PhoneIsAvailableState - 2014-12-23 21:03:19: Elvis has left the building.
2014-12-23 21:03:19,358 Thread-2 DEBUG phonescanner.PhoneIsAvailableState - 2014-12-23 21:03:19: Kahlan has left the building.
2014-12-23 21:03:20,370 Thread-2 DEBUG phonescanner.PhoneScannerRunner - Pinging devices...
2014-12-23 21:03:21,382 Thread-2 DEBUG phonescanner.PhoneScannerRunner - Pinging devices...
2014-12-23 21:03:22,384 Thread-2 DEBUG phonescanner.PhoneScannerRunner - Pinging devices...
2014-12-23 21:03:23,393 Thread-2 DEBUG phonescanner.PhoneScannerRunner - Pinging devices...
2014-12-23 21:03:27,547 main INFO  phonescanner.PhoneScannerRunner - BT scan intervall: 1s
2014-12-23 21:03:27,547 main INFO  phonescanner.PhoneScannerRunner - Added Mark's phone mac address: 50:55:27:08:0C:C1
2014-12-23 21:03:27,547 Thread-2 DEBUG phonescanner.PhoneScannerRunner - Pinging devices...
2014-12-23 21:03:27,547 Thread-2 DEBUG phonescanner.PhoneIsAvailableState - 2014-12-23 21:03:27: Elvis has left the building.
2014-12-23 21:03:27,547 Thread-2 DEBUG phonescanner.PhoneIsAvailableState - 2014-12-23 21:03:27: Kahlan has left the building.
2014-12-23 21:03:28,557 Thread-2 DEBUG phonescanner.PhoneScannerRunner - Pinging devices...
2014-12-23 21:03:29,560 Thread-2 DEBUG phonescanner.PhoneScannerRunner - Pinging devices...
2014-12-23 21:03:30,574 Thread-2 DEBUG phonescanner.PhoneScannerRunner - Pinging devices...
2014-12-23 21:03:31,577 Thread-2 DEBUG phonescanner.PhoneScannerRunner - Pinging devices...
2014-12-23 21:03:32,581 Thread-2 DEBUG phonescanner.PhoneScannerRunner - Pinging devices...
2014-12-23 21:03:33,590 Thread-2 DEBUG phonescanner.PhoneScannerRunner - Pinging devices...
2014-12-23 21:03:34,609 Thread-2 DEBUG phonescanner.PhoneScannerRunner - Pinging devices...
2014-12-23 21:03:35,612 Thread-2 DEBUG phonescanner.PhoneScannerRunner - Pinging devices...
2014-12-23 21:03:36,617 Thread-2 DEBUG phonescanner.PhoneScannerRunner - Pinging devices...
2014-12-23 21:04:36,526 main INFO  phonescanner.PhoneScannerRunner - BT scan intervall: 1s
2014-12-23 21:04:36,526 main INFO  phonescanner.PhoneScannerRunner - Added Mark's phone mac address: 50:55:27:08:0C:C1
2014-12-23 21:04:36,526 Thread-2 DEBUG phonescanner.PhoneScannerRunner - Pinging devices...
2014-12-23 21:04:36,526 Thread-2 DEBUG phonescanner.PhoneIsAvailableState - 2014-12-23 21:04:36: Elvis has left the building.
2014-12-23 21:04:36,526 Thread-2 DEBUG phonescanner.PhoneIsAvailableState - 2014-12-23 21:04:36: Kahlan has left the building.
2014-12-23 21:04:37,532 Thread-2 DEBUG phonescanner.PhoneScannerRunner - Pinging devices...
2014-12-23 21:04:49,415 main INFO  phonescanner.PhoneScannerRunner - BT scan intervall: 1s
2014-12-23 21:04:49,415 main INFO  phonescanner.PhoneScannerRunner - Added Mark's phone mac address: 50:55:27:08:0C:C1
2014-12-23 21:04:49,415 Thread-2 DEBUG phonescanner.PhoneScannerRunner - Pinging devices...
2014-12-23 21:04:49,415 Thread-2 DEBUG phonescanner.PhoneIsAvailableState - 2014-12-23 21:04:49: Elvis has left the building.
2014-12-23 21:04:49,415 Thread-2 DEBUG phonescanner.PhoneIsAvailableState - 2014-12-23 21:04:49: Kahlan has left the building.
2014-12-23 21:04:50,428 Thread-2 DEBUG phonescanner.PhoneScannerRunner - Pinging devices...
2014-12-23 21:04:51,431 Thread-2 DEBUG phonescanner.PhoneScannerRunner - Pinging devices...
2014-12-23 21:04:52,439 Thread-2 DEBUG phonescanner.PhoneScannerRunner - Pinging devices...
2014-12-23 21:04:53,444 Thread-2 DEBUG phonescanner.PhoneScannerRunner - Pinging devices...
2014-12-23 21:04:54,447 Thread-2 DEBUG phonescanner.PhoneScannerRunner - Pinging devices...
2014-12-23 21:04:55,455 Thread-2 DEBUG phonescanner.PhoneScannerRunner - Pinging devices...
2014-12-23 21:04:56,469 Thread-2 DEBUG phonescanner.PhoneScannerRunner - Pinging devices...
2014-12-23 21:04:57,478 Thread-2 DEBUG phonescanner.PhoneScannerRunner - Pinging devices...
2014-12-23 21:04:58,495 Thread-2 DEBUG phonescanner.PhoneScannerRunner - Pinging devices...
2014-12-23 21:04:59,509 Thread-2 DEBUG phonescanner.PhoneScannerRunner - Pinging devices...
2014-12-23 21:05:00,511 Thread-2 DEBUG phonescanner.PhoneScannerRunner - Pinging devices...
2014-12-23 21:05:01,524 Thread-2 DEBUG phonescanner.PhoneScannerRunner - Pinging devices...
2014-12-23 21:05:02,531 Thread-2 DEBUG phonescanner.PhoneScannerRunner - Pinging devices...
2014-12-23 21:05:03,546 Thread-2 DEBUG phonescanner.PhoneScannerRunner - Pinging devices...
2014-12-23 21:05:04,562 Thread-2 DEBUG phonescanner.PhoneScannerRunner - Pinging devices...
2014-12-23 21:05:05,567 Thread-2 DEBUG phonescanner.PhoneScannerRunner - Pinging devices...
2014-12-23 21:05:06,577 Thread-2 DEBUG phonescanner.PhoneScannerRunner - Pinging devices...
2014-12-23 21:05:38,748 main INFO  phonescanner.PhoneScannerRunner - BT scan intervall: 1s
2014-12-23 21:05:38,748 main INFO  phonescanner.PhoneScannerRunner - Added Mark's phone mac address: 50:55:27:08:0C:C1
2014-12-23 21:05:38,748 Thread-2 DEBUG phonescanner.PhoneIsAvailableState - 2014-12-23 21:05:38: Elvis has left the building.
2014-12-23 21:05:38,748 Thread-2 DEBUG phonescanner.PhoneIsAvailableState - 2014-12-23 21:05:38: Kahlan has left the building.
2014-12-26 14:06:15,898 Thread-1 INFO  webserver.MicroWebServer - Webserver starting up on port 8080
2014-12-26 14:06:15,898 main INFO  phonescanner.PhoneScannerRunner - BT scan intervall: 5s
2014-12-26 14:06:15,898 main INFO  phonescanner.PhoneScannerRunner - Added Mark's phone mac address: 50:55:27:08:0C:C1
2014-12-26 14:06:15,898 Thread-2 DEBUG phonescanner.PhoneIsAvailableState - 2014-12-26 14:06:15: Elvis has left the building.
2014-12-26 14:06:15,898 Thread-2 DEBUG phonescanner.PhoneIsAvailableState - 2014-12-26 14:06:15: Kahlan has left the building.
2014-12-27 15:36:36,462 main INFO  phonescanner.PhoneScannerRunner - BT scan intervall: 5s
2014-12-27 15:36:36,462 Thread-1 INFO  webserver.MicroWebServer - Webserver starting up on port 8080
2014-12-27 15:36:36,462 main INFO  phonescanner.PhoneScannerRunner - Added Mark's phone mac address: 50:55:27:08:0C:C1
2014-12-27 15:36:36,462 Thread-1 ERROR webserver.MicroWebServer - Error: java.net.BindException: Address already in use: JVM_Bind
2014-12-27 15:36:36,462 Thread-2 DEBUG phonescanner.PhoneIsAvailableState - 2014-12-27 15:36:36: Elvis has left the building.
2014-12-27 15:43:29,219 main INFO  phonescanner.PhoneScannerRunner - BT scan intervall: 5s
2014-12-27 15:43:29,219 Thread-1 INFO  webserver.MicroWebServer - Webserver starting up on port 8080
2014-12-27 15:43:29,219 main INFO  phonescanner.PhoneScannerRunner - Added Mark's phone mac address: 50:55:27:08:0C:C1
2014-12-27 15:43:29,235 Thread-1 ERROR webserver.MicroWebServer - Error: java.net.BindException: Address already in use: JVM_Bind
2014-12-27 15:43:29,235 Thread-2 DEBUG phonescanner.PhoneIsAvailableState - 2014-12-27 15:43:29: Elvis has left the building.
2014-12-27 15:43:29,235 Thread-2 DEBUG phonescanner.PhoneIsAvailableState - 2014-12-27 15:43:29: Kahlan has left the building.
2014-12-27 15:57:13,497 main INFO  phonescanner.PhoneScannerRunner - BT scan intervall: 5s
2014-12-27 15:57:13,497 Thread-1 INFO  webserver.MicroWebServer - Webserver starting up on port 8080
2014-12-27 15:57:13,497 main INFO  phonescanner.PhoneScannerRunner - Added Mark's phone mac address: 50:55:27:08:0C:C1
2014-12-27 15:57:13,497 Thread-1 ERROR webserver.MicroWebServer - Error: java.net.BindException: Address already in use: JVM_Bind
2014-12-27 15:57:13,497 Thread-2 DEBUG phonescanner.PhoneIsAvailableState - 2014-12-27 15:57:13: Elvis has left the building.
2014-12-27 15:57:13,513 Thread-2 DEBUG phonescanner.PhoneIsAvailableState - 2014-12-27 15:57:13: Kahlan has left the building.
2014-12-27 15:57:25,495 main INFO  phonescanner.PhoneScannerRunner - BT scan intervall: 5s
2014-12-27 15:57:25,495 Thread-1 INFO  webserver.MicroWebServer - Webserver starting up on port 8080
2014-12-27 15:57:25,495 main INFO  phonescanner.PhoneScannerRunner - Added Mark's phone mac address: 50:55:27:08:0C:C1
2014-12-27 15:57:25,495 Thread-2 DEBUG phonescanner.PhoneIsAvailableState - 2014-12-27 15:57:25: Elvis has left the building.
2014-12-27 15:57:25,495 Thread-2 DEBUG phonescanner.PhoneIsAvailableState - 2014-12-27 15:57:25: Kahlan has left the building.
2014-12-27 15:58:47,811 main INFO  phonescanner.PhoneScannerRunner - BT scan intervall: 5s
2014-12-27 15:58:47,811 Thread-1 INFO  webserver.MicroWebServer - Webserver starting up on port 8080
2014-12-27 15:58:47,811 main INFO  phonescanner.PhoneScannerRunner - Added Mark's phone mac address: 50:55:27:08:0C:C1
2014-12-27 15:58:47,811 Thread-2 DEBUG phonescanner.PhoneIsAvailableState - 2014-12-27 15:58:47: Elvis has left the building.
2014-12-27 15:58:47,811 Thread-2 DEBUG phonescanner.PhoneIsAvailableState - 2014-12-27 15:58:47: Kahlan has left the building.
2014-12-27 16:00:12,066 main INFO  phonescanner.PhoneScannerRunner - BT scan intervall: 5s
2014-12-27 16:00:12,066 Thread-1 INFO  webserver.MicroWebServer - Webserver starting up on port 8080
2014-12-27 16:00:12,066 main INFO  phonescanner.PhoneScannerRunner - Added Mark's phone mac address: 50:55:27:08:0C:C1
2014-12-27 16:00:12,066 Thread-2 DEBUG phonescanner.PhoneIsAvailableState - 2014-12-27 16:00:12: Elvis has left the building.
2014-12-27 16:00:12,082 Thread-2 DEBUG phonescanner.PhoneIsAvailableState - 2014-12-27 16:00:12: Kahlan has left the building.
2014-12-27 16:00:25,498 main INFO  phonescanner.PhoneScannerRunner - BT scan intervall: 5s
2014-12-27 16:00:25,498 Thread-1 INFO  webserver.MicroWebServer - Webserver starting up on port 8080
2014-12-27 16:00:25,498 main INFO  phonescanner.PhoneScannerRunner - Added Mark's phone mac address: 50:55:27:08:0C:C1
2014-12-27 16:00:25,506 Thread-2 DEBUG phonescanner.PhoneIsAvailableState - 2014-12-27 16:00:25: Elvis has left the building.
2014-12-27 16:00:25,506 Thread-2 DEBUG phonescanner.PhoneIsAvailableState - 2014-12-27 16:00:25: Kahlan has left the building.
2014-12-27 22:58:48,449 main INFO  phonescanner.PhoneScannerRunner - BT scan intervall: 5s
2014-12-27 22:58:48,449 Thread-1 INFO  webserver.MicroWebServer - Webserver starting up on port 8080
2014-12-27 22:58:48,465 main INFO  phonescanner.PhoneScannerRunner - Added Mark's phone mac address: 50:55:27:08:0C:C1
2014-12-27 22:58:48,465 Thread-2 DEBUG phonescanner.PhoneIsAvailableState - 2014-12-27 22:58:48: Elvis has left the building.
2014-12-27 22:58:48,465 Thread-2 DEBUG phonescanner.PhoneIsAvailableState - 2014-12-27 22:58:48: Kahlan has left the building.
2014-12-27 23:04:13,985 main INFO  phonescanner.PhoneScannerRunner - BT scan intervall: 5s
2014-12-27 23:04:13,985 main INFO  phonescanner.PhoneScannerRunner - Added Mark's phone mac address: 50:55:27:08:0C:C1
2014-12-27 23:04:13,985 Thread-2 DEBUG phonescanner.PhoneIsAvailableState - 2014-12-27 23:04:13: Elvis has left the building.
2014-12-27 23:04:13,985 Thread-2 DEBUG phonescanner.PhoneIsAvailableState - 2014-12-27 23:04:13: Kahlan has left the building.
2014-12-28 00:04:59,594 main INFO  phonescanner.PhoneScannerRunner - BT scan intervall: 5s
2014-12-28 00:04:59,594 main INFO  phonescanner.PhoneScannerRunner - Added Mark's phone mac address: 50:55:27:08:0C:C1
2014-12-28 00:05:46,809 main INFO  phonescanner.PhoneScannerRunner - BT scan intervall: 5s
2014-12-28 00:05:46,813 main INFO  phonescanner.PhoneScannerRunner - Added Mark's phone mac address: 50:55:27:08:0C:C1
2014-12-28 00:08:20,227 main INFO  phonescanner.PhoneScannerRunner - BT scan intervall: 5s
2014-12-28 00:08:20,227 main INFO  phonescanner.PhoneScannerRunner - Added Mark's phone mac address: 50:55:27:08:0C:C1
2014-12-28 00:09:50,556 main INFO  phonescanner.PhoneScannerRunner - BT scan intervall: 5s
2014-12-28 00:09:50,556 main INFO  phonescanner.PhoneScannerRunner - Added Mark's phone mac address: 50:55:27:08:0C:C1
2014-12-28 00:18:34,266 main INFO  phonescanner.PhoneScannerRunner - BT scan intervall: 5s
2014-12-28 00:18:34,266 main INFO  phonescanner.PhoneScannerRunner - Added Mark's phone mac address: 50:55:27:08:0C:C1
2014-12-28 00:20:15,510 main INFO  phonescanner.PhoneScannerRunner - BT scan intervall: 5s
2014-12-28 00:20:15,510 main INFO  phonescanner.PhoneScannerRunner - Added Mark's phone mac address: 50:55:27:08:0C:C1
2014-12-28 00:24:56,037 main INFO  phonescanner.PhoneScannerRunner - BT scan intervall: 5s
2014-12-28 00:24:56,053 main INFO  phonescanner.PhoneScannerRunner - Added Mark's phone mac address: 50:55:27:08:0C:C1
2014-12-28 00:25:06,446 main INFO  phonescanner.PhoneScannerRunner - BT scan intervall: 5s
2014-12-28 00:25:06,446 main INFO  phonescanner.PhoneScannerRunner - Added Mark's phone mac address: 50:55:27:08:0C:C1
2014-12-28 00:26:42,867 main INFO  phonescanner.PhoneScannerRunner - BT scan intervall: 5s
2014-12-28 00:26:42,871 main INFO  phonescanner.PhoneScannerRunner - Added Mark's phone mac address: 50:55:27:08:0C:C1
2014-12-28 00:28:35,512 main INFO  phonescanner.PhoneScannerRunner - BT scan intervall: 5s
2014-12-28 00:28:35,512 main INFO  phonescanner.PhoneScannerRunner - Added Mark's phone mac address: 50:55:27:08:0C:C1
2014-12-28 00:39:53,663 main INFO  phonescanner.PhoneScannerRunner - BT scan intervall: 5s
2014-12-28 00:39:53,663 main INFO  phonescanner.PhoneScannerRunner - Added Mark's phone mac address: 50:55:27:08:0C:C1
2014-12-28 00:40:06,902 main INFO  phonescanner.PhoneScannerRunner - BT scan intervall: 5s
2014-12-28 00:40:06,902 main INFO  phonescanner.PhoneScannerRunner - Added Mark's phone mac address: 50:55:27:08:0C:C1
2014-12-28 13:10:05,420 main INFO  phonescanner.PhoneScannerRunner - BT scan intervall: 5s
2014-12-28 13:10:05,420 main INFO  phonescanner.PhoneScannerRunner - Added Mark's phone mac address: 50:55:27:08:0C:C1
2014-12-28 14:33:30,029 main INFO  phonescanner.PhoneScannerRunner - BT scan intervall: 5s
2014-12-28 14:33:30,029 main INFO  phonescanner.PhoneScannerRunner - Added Mark's phone mac address: 50:55:27:08:0C:C1
2014-12-30 15:25:44,230 main INFO  phonescanner.PhoneScannerRunner - BT scan intervall: 5s
2014-12-30 15:25:44,230 main INFO  phonescanner.PhoneScannerRunner - Added Mark's phone mac address: 50:55:27:08:0C:C1
2014-12-30 15:25:49,956 main INFO  phonescanner.PhoneScannerRunner - BT scan intervall: 5s
2014-12-30 15:25:49,956 main INFO  phonescanner.PhoneScannerRunner - Added Mark's phone mac address: 50:55:27:08:0C:C1
2014-12-31 12:29:35,045 main INFO  phonescanner.PhoneScannerRunner - BT scan intervall: 5s
2014-12-31 12:29:35,045 main INFO  phonescanner.PhoneScannerRunner - Added Mark's phone mac address: 50:55:27:08:0C:C1
2014-12-31 12:30:24,178 main INFO  phonescanner.PhoneScannerRunner - BT scan intervall: 5s
2014-12-31 12:30:24,178 main INFO  phonescanner.PhoneScannerRunner - Added Mark's phone mac address: 50:55:27:08:0C:C1
2014-12-31 12:32:02,771 main INFO  phonescanner.PhoneScannerRunner - BT scan intervall: 5s
2014-12-31 12:32:02,786 main INFO  phonescanner.PhoneScannerRunner - Added Mark's phone mac address: 50:55:27:08:0C:C1
2015-01-01 13:30:42,000 main INFO  phonescanner.PhoneScannerRunner - BT scan intervall: 5s
2015-01-01 13:30:42,000 main INFO  phonescanner.PhoneScannerRunner - Added Mark's phone mac address: 50:55:27:08:0C:C1
2015-01-01 20:54:00,618 main INFO  phonescanner.PhoneScannerRunner - BT scan intervall: 5s
2015-01-01 20:54:00,622 main INFO  phonescanner.PhoneScannerRunner - Added Mark's phone mac address: 50:55:27:08:0C:C1
